<?xml version="1.0" encoding="UTF-8"?>
<testng-results ignored="0" total="2" passed="2" failed="0" skipped="0">
  <reporter-output>
  </reporter-output>
  <suite started-at="2021-03-04T14:59:11 EET" name="Default suite" finished-at="2021-03-04T14:59:36 EET" duration-ms="24905">
    <groups>
    </groups>
    <test started-at="2021-03-04T14:59:11 EET" name="Default test" finished-at="2021-03-04T14:59:36 EET" duration-ms="24905">
      <class name="Tests.AutomationTest">
        <test-method is-config="true" signature="beforeClass()[pri:0, instance:Tests.AutomationTest@2f177a4b]" started-at="2021-03-04T14:59:11 EET" name="beforeClass" finished-at="2021-03-04T14:59:14 EET" duration-ms="2653" status="PASS">
          <reporter-output>
          </reporter-output>
        </test-method> <!-- beforeClass -->
        <test-method signature="registerTest()[pri:0, instance:Tests.AutomationTest@2f177a4b]" started-at="2021-03-04T14:59:14 EET" name="registerTest" finished-at="2021-03-04T14:59:29 EET" duration-ms="15241" status="PASS">
          <reporter-output>
          </reporter-output>
        </test-method> <!-- registerTest -->
        <test-method signature="loginTest()[pri:1, instance:Tests.AutomationTest@2f177a4b]" started-at="2021-03-04T14:59:29 EET" name="loginTest" finished-at="2021-03-04T14:59:36 EET" duration-ms="6645" status="PASS">
          <reporter-output>
          </reporter-output>
        </test-method> <!-- loginTest -->
        <test-method is-config="true" signature="afterClass()[pri:0, instance:Tests.AutomationTest@2f177a4b]" started-at="2021-03-04T14:59:36 EET" name="afterClass" finished-at="2021-03-04T14:59:36 EET" duration-ms="304" status="PASS">
          <reporter-output>
          </reporter-output>
        </test-method> <!-- afterClass -->
      </class> <!-- Tests.AutomationTest -->
    </test> <!-- Default test -->
  </suite> <!-- Default suite -->
</testng-results>
